Init x: b'\x00\x00\x00\x00\x00\x00\x00\x00\x00\x00\x00\x00\x00\x00\x00\xf5'
       0 - hash:    52876, next_g: 139710571145088, next_i:        1
       1 - hash:    43381, next_g: 139710571145088, next_i:        2
       2 - hash:    62898, next_g: 139710571145088, next_i:        3
       3 - hash:     7903, next_g: 139710571145088, next_i:        4
       4 - hash:    43485, next_g: 139710571145088, next_i:        5
       5 - hash:    23363, next_g: 139710571145088, next_i:        6
       6 - hash:    63549, next_g: 139710571145088, next_i:        7
       7 - hash:    27776, next_g: 139710571145088, next_i:        8
       8 - hash:    23477, next_g: 139710571145088, next_i:        9
       9 - hash:    11943, next_g: 139710571145088, next_i:       10
      10 - hash:    10355, next_g: 139710571145088, next_i:       11
      11 - hash:    52740, next_g: 139710571145088, next_i:       12
      12 - hash:    38859, next_g: 139710571145088, next_i:       13
      13 - hash:    42858, next_g: 139710571145088, next_i:       14
      14 - hash:    64208, next_g: 139710571145088, next_i:       15
      15 - hash:    40347, next_g: 139710571145088, next_i:       16
      16 - hash:    36181, next_g: 139710571145088, next_i:       17
      17 - hash:     3504, next_g: 139710571145088, next_i:       18
      18 - hash:    30151, next_g: 139710571145088, next_i:       19
      19 - hash:    47008, next_g: 139710571145088, next_i:       20
      20 - hash:    30885, next_g: 139710571145088, next_i:       21
      21 - hash:    63638, next_g: 139710571145088, next_i:       22
      22 - hash:    34205, next_g: 139710571145088, next_i:       23
      23 - hash:    51627, next_g: 139710571145088, next_i:       24
      24 - hash:    49343, next_g: 139710571145088, next_i:       25
      25 - hash:    31130, next_g: 139710571145088, next_i:       26
      26 - hash:     6231, next_g: 139710571145088, next_i:       27
      27 - hash:    38375, next_g: 139710571145088, next_i:       28
      28 - hash:    52421, next_g: 139710571145088, next_i:       29
      29 - hash:    20867, next_g: 139710571145088, next_i:       30
      30 - hash:    58328, next_g: 139710571145088, next_i:       31
      31 - hash:    51270, next_g: 139710571145088, next_i:       32
      32 - hash:    19157, next_g: 139710571145088, next_i:       33
      33 - hash:     5412, next_g: 139710571145088, next_i:       34
      34 - hash:    57259, next_g: 139710571145088, next_i:       35
      35 - hash:    58714, next_g: 139710571145088, next_i:       36
      36 - hash:    47717, next_g: 139710571145088, next_i:       37
      37 - hash:    62528, next_g: 139710571145088, next_i:       38
      38 - hash:    61747, next_g: 139710571145088, next_i:       39
      39 - hash:    35072, next_g: 139710571145088, next_i:       40
      40 - hash:    48691, next_g: 139710571145088, next_i:       41
      41 - hash:    48040, next_g: 139710571145088, next_i:       42
      42 - hash:    20699, next_g: 139710571145088, next_i:       43
      43 - hash:    34453, next_g: 139710571145088, next_i:       44
      44 - hash:    32976, next_g: 139710571145088, next_i:       45
      45 - hash:    48082, next_g: 139710571145088, next_i:       46
      46 - hash:     1238, next_g: 139710571145088, next_i:       47
      47 - hash:     4256, next_g: 139710571145088, next_i:       48
      48 - hash:    14209, next_g: 139710571145088, next_i:       49
      49 - hash:    28168, next_g: 139710571145088, next_i:       50
      50 - hash:    19342, next_g: 139710571145088, next_i:       51
      51 - hash:    54982, next_g: 139710571145088, next_i:       52
      52 - hash:    62220, next_g: 139710571145088, next_i:       53
      53 - hash:    47273, next_g: 139710571145088, next_i:       54
      54 - hash:    58833, next_g: 139710571145088, next_i:       55
      55 - hash:    64492, next_g: 139710571145088, next_i:       56
      56 - hash:    19165, next_g: 139710571145088, next_i:       57
      57 - hash:    36162, next_g: 139710571145088, next_i:       58
      58 - hash:    13246, next_g: 139710571145088, next_i:       59
      59 - hash:    56260, next_g: 139710571145088, next_i:       60
      60 - hash:    48480, next_g: 139710571145088, next_i:       61
      61 - hash:    47359, next_g: 139710571145088, next_i:       62
      62 - hash:    39475, next_g: 139710571145088, next_i:       63
      63 - hash:    47950, next_g: 139710571145088, next_i:       64
      64 - hash:    25513, next_g: 139710571145088, next_i:       65
      65 - hash:    27720, next_g: 139710571145088, next_i:       66
      66 - hash:    20114, next_g: 139710571145088, next_i:       67
      67 - hash:    64445, next_g: 139710571145088, next_i:       68
      68 - hash:    20737, next_g: 139710571145088, next_i:       69
      69 - hash:    34318, next_g: 139710571145088, next_i:       70
      70 - hash:    25883, next_g: 139710571145088, next_i:       71
      71 - hash:    36630, next_g: 139710571145088, next_i:       72
      72 - hash:    23928, next_g: 139710571145088, next_i:       73
      73 - hash:    11495, next_g: 139710571145088, next_i:       74
      74 - hash:     8694, next_g: 139710571145088, next_i:       75
      75 - hash:    50343, next_g: 139710571145088, next_i:       76
      76 - hash:    56904, next_g: 139710571145088, next_i:       77
      77 - hash:     2105, next_g: 139710571145088, next_i:       78
      78 - hash:    15203, next_g: 139710571145088, next_i:       79
      79 - hash:    22508, next_g: 139710571145088, next_i:       80
      80 - hash:    26008, next_g: 139710571145088, next_i:       81
      81 - hash:    22637, next_g: 139710571145088, next_i:       82
      82 - hash:    64564, next_g: 139710571145088, next_i:       83
      83 - hash:    44319, next_g: 139710571145088, next_i:       84
      84 - hash:    20847, next_g: 139710571145088, next_i:       85
      85 - hash:    20615, next_g: 139710571145088, next_i:       86
      86 - hash:    40624, next_g: 139710571145088, next_i:       87
      87 - hash:    65357, next_g: 139710571145088, next_i:       88
      88 - hash:    50882, next_g: 139710571145088, next_i:       89
      89 - hash:    60166, next_g: 139710571145088, next_i:       90
      90 - hash:    51756, next_g: 139710571145088, next_i:       91
      91 - hash:    23397, next_g: 139710571145088, next_i:       92
      92 - hash:    15888, next_g: 139710571145088, next_i:       93
      93 - hash:    21161, next_g: 139710571145088, next_i:       94
      94 - hash:    43154, next_g: 139710571145088, next_i:       95
      95 - hash:    57977, next_g: 139710571145088, next_i:       96
      96 - hash:     5071, next_g: 139710571145088, next_i:       97
      97 - hash:    24456, next_g: 139710571145088, next_i:       98
      98 - hash:    12922, next_g: 139710571145088, next_i:       99
      99 - hash:    53620, next_g: 139710571145088, next_i:      100
     100 - hash:    63163, next_g: 139710571145088, next_i:      101
     101 - hash:    19201, next_g: 139710571145088, next_i:      102
     102 - hash:    14445, next_g: 139710571145088, next_i:      103
     103 - hash:    55740, next_g: 139710571145088, next_i:      104
     104 - hash:    14527, next_g: 139710571145088, next_i:      105
     105 - hash:    51964, next_g: 139710571145088, next_i:      106
     106 - hash:    53185, next_g: 139710571145088, next_i:      107
     107 - hash:    16305, next_g: 139710571145088, next_i:      108
     108 - hash:     4191, next_g: 139710571145088, next_i:      109
     109 - hash:    46367, next_g: 139710571145088, next_i:      110
     110 - hash:     3742, next_g: 139710571145088, next_i:      111
     111 - hash:    34929, next_g: 139710571145088, next_i:      112
     112 - hash:    48448, next_g: 139710571145088, next_i:      113
     113 - hash:     9457, next_g: 139710571145088, next_i:      114
     114 - hash:    61838, next_g: 139710571145088, next_i:      115
     115 - hash:    24674, next_g: 139710571145088, next_i:      116
     116 - hash:    47414, next_g: 139710571145088, next_i:      117
     117 - hash:    63708, next_g: 139710571145088, next_i:      118
     118 - hash:    49426, next_g: 139710571145088, next_i:      119
     119 - hash:    27117, next_g: 139710571145088, next_i:      120
     120 - hash:    43059, next_g: 139710571145088, next_i:      121
     121 - hash:     7921, next_g: 139710571145088, next_i:      122
     122 - hash:     1389, next_g: 139710571145088, next_i:      123
     123 - hash:    37612, next_g: 139710571145088, next_i:      124
     124 - hash:    52209, next_g: 139710571145088, next_i:      125
     125 - hash:    11610, next_g: 139710571145088, next_i:      126
     126 - hash:    63665, next_g: 139710571145088, next_i:      127
     127 - hash:    51815, next_g: 139710571145088, next_i:      128
     128 - hash:    58744, next_g: 139710571145088, next_i:      129
     129 - hash:    47561, next_g: 139710571145088, next_i:      130
     130 - hash:    14880, next_g: 139710571145088, next_i:      131
     131 - hash:    59751, next_g: 139710571145088, next_i:      132
     132 - hash:    11337, next_g: 139710571145088, next_i:      133
     133 - hash:    27277, next_g: 139710571145088, next_i:      134
     134 - hash:    62559, next_g: 139710571145088, next_i:      135
     135 - hash:    53715, next_g: 139710571145088, next_i:      136
     136 - hash:    53830, next_g: 139710571145088, next_i:      137
     137 - hash:    47261, next_g: 139710571145088, next_i:      138
     138 - hash:    26386, next_g: 139710571145088, next_i:      139
     139 - hash:    41205, next_g: 139710571145088, next_i:      140
     140 - hash:    31372, next_g: 139710571145088, next_i:      141
     141 - hash:     3024, next_g: 139710571145088, next_i:      142
     142 - hash:    35142, next_g: 139710571145088, next_i:      143
     143 - hash:    41810, next_g: 139710571145088, next_i:      144
     144 - hash:    48363, next_g: 139710571145088, next_i:      145
     145 - hash:    53537, next_g: 139710571145088, next_i:      146
     146 - hash:    37730, next_g: 139710571145088, next_i:      147
     147 - hash:    52601, next_g: 139710571145088, next_i:      148
     148 - hash:    51771, next_g: 139710571145088, next_i:      149
     149 - hash:    29285, next_g: 139710571145088, next_i:      150
     150 - hash:    59683, next_g: 139710571145088, next_i:      151
     151 - hash:     2481, next_g: 139710571145088, next_i:      152
     152 - hash:    20820, next_g: 139710571145088, next_i:      153
     153 - hash:     6691, next_g: 139710571145088, next_i:      154
     154 - hash:    13155, next_g: 139710571145088, next_i:      155
     155 - hash:    26448, next_g: 139710571145088, next_i:      156
     156 - hash:    61304, next_g: 139710571145088, next_i:      157
     157 - hash:    29417, next_g: 139710571145088, next_i:      158
     158 - hash:    23858, next_g: 139710571145088, next_i:      159
     159 - hash:    55622, next_g: 139710571145088, next_i:      160
     160 - hash:    38327, next_g: 139710571145088, next_i:      161
     161 - hash:    57628, next_g: 139710571145088, next_i:      162
     162 - hash:    42857, next_g: 139710571145088, next_i:      163
     163 - hash:    61565, next_g: 139710571145088, next_i:      164
     164 - hash:    45902, next_g: 139710571145088, next_i:      165
     165 - hash:    10640, next_g: 139710571145088, next_i:      166
     166 - hash:    53277, next_g: 139710571145088, next_i:      167
     167 - hash:    57912, next_g: 139710571145088, next_i:      168
     168 - hash:    31861, next_g: 139710571145088, next_i:      169
     169 - hash:    36651, next_g: 139710571145088, next_i:      170
     170 - hash:    64432, next_g: 139710571145088, next_i:      171
     171 - hash:    30675, next_g: 139710571145088, next_i:      172
     172 - hash:    52165, next_g: 139710571145088, next_i:      173
     173 - hash:    61789, next_g: 139710571145088, next_i:      174
     174 - hash:      718, next_g: 139710571145088, next_i:      175
     175 - hash:    36765, next_g: 139710571145088, next_i:      176
     176 - hash:    25906, next_g: 139710571145088, next_i:      177
     177 - hash:    52461, next_g: 139710571145088, next_i:      178
     178 - hash:    55764, next_g: 139710571145088, next_i:      179
     179 - hash:     8580, next_g: 139710571145088, next_i:      180
     180 - hash:    33814, next_g: 139710571145088, next_i:      181
     181 - hash:    45853, next_g: 139710571145088, next_i:      182
     182 - hash:    13259, next_g: 139710571145088, next_i:      183
     183 - hash:    48421, next_g: 139710571145088, next_i:      184
     184 - hash:    59735, next_g: 139710571145088, next_i:      185
     185 - hash:    54818, next_g: 139710571145088, next_i:      186
     186 - hash:    12225, next_g: 139710571145088, next_i:      187
     187 - hash:    14540, next_g: 139710571145088, next_i:      188
     188 - hash:    33070, next_g: 139710571145088, next_i:      189
     189 - hash:    27851, next_g: 139710571145088, next_i:      190
     190 - hash:    12316, next_g: 139710571145088, next_i:      191
     191 - hash:    14084, next_g: 139710571145088, next_i:      192
     192 - hash:      706, next_g: 139710571145088, next_i:      193
     193 - hash:    29957, next_g: 139710571145088, next_i:      194
     194 - hash:    12563, next_g: 139710571145088, next_i:      195
     195 - hash:    33974, next_g: 139710571145088, next_i:      196
     196 - hash:    27398, next_g: 139710571145088, next_i:      197
     197 - hash:    17860, next_g: 139710571145088, next_i:      198
     198 - hash:    53294, next_g: 139710571145088, next_i:      199
     199 - hash:    45292, next_g: 139710571145088, next_i:      200
     200 - hash:    62620, next_g: 139710571145088, next_i:      201
     201 - hash:    46606, next_g: 139710571145088, next_i:      202
     202 - hash:    14547, next_g: 139710571145088, next_i:      203
     203 - hash:    10733, next_g: 139710571145088, next_i:      204
     204 - hash:    12329, next_g: 139710571145088, next_i:      205
     205 - hash:    13238, next_g: 139710571145088, next_i:      206
     206 - hash:    22925, next_g: 139710571145088, next_i:      207
     207 - hash:    58407, next_g: 139710571145088, next_i:      208
     208 - hash:    62353, next_g: 139710571145088, next_i:      209
     209 - hash:    40441, next_g: 139710571145088, next_i:      210
     210 - hash:    30041, next_g: 139710571145088, next_i:      211
     211 - hash:    11989, next_g: 139710571145088, next_i:      212
     212 - hash:     8449, next_g: 139710571145088, next_i:      213
     213 - hash:    14747, next_g: 139710571145088, next_i:      214
     214 - hash:    63211, next_g: 139710571145088, next_i:      215
     215 - hash:    15789, next_g: 139710571145088, next_i:      216
     216 - hash:    41455, next_g: 139710571145088, next_i:      217
     217 - hash:     4872, next_g: 139710571145088, next_i:      218
     218 - hash:    10832, next_g: 139710571145088, next_i:      219
     219 - hash:     4265, next_g: 139710571145088, next_i:      220
     220 - hash:    61575, next_g: 139710571145088, next_i:      221
     221 - hash:     6798, next_g: 139710571145088, next_i:      222
     222 - hash:    17857, next_g: 139710571145088, next_i:      223
     223 - hash:    19666, next_g: 139710571145088, next_i:      224
     224 - hash:    28873, next_g: 139710571145088, next_i:      225
     225 - hash:    46361, next_g: 139710571145088, next_i:      226
     226 - hash:    48304, next_g: 139710571145088, next_i:      227
     227 - hash:    21178, next_g: 139710571145088, next_i:      228
     228 - hash:     5478, next_g: 139710571145088, next_i:      229
     229 - hash:    13938, next_g: 139710571145088, next_i:      230
     230 - hash:    36195, next_g: 139710571145088, next_i:      231
     231 - hash:    57373, next_g: 139710571145088, next_i:      232
     232 - hash:    27742, next_g: 139710571145088, next_i:      233
     233 - hash:    14481, next_g: 139710571145088, next_i:      234
     234 - hash:    47567, next_g: 139710571145088, next_i:      235
     235 - hash:    35404, next_g: 139710571145088, next_i:      236
     236 - hash:    37413, next_g: 139710571145088, next_i:      237
     237 - hash:    56255, next_g: 139710571145088, next_i:      238
     238 - hash:    38753, next_g: 139710571145088, next_i:      239
     239 - hash:    17074, next_g: 139710571145088, next_i:      240
     240 - hash:    57215, next_g: 139710571145088, next_i:      241
     241 - hash:    10659, next_g: 139710571145088, next_i:      242
     242 - hash:    47984, next_g: 139710571145088, next_i:      243
     243 - hash:    35886, next_g: 139710571145088, next_i:      244
     244 - hash:    54227, next_g: 139710571145088, next_i:      245
     245 - hash:    17338, next_g: 139710571145088, next_i:      246
     246 - hash:    42634, next_g: 139710571145088, next_i:      247
     247 - hash:    41725, next_g: 139710571145088, next_i:      248
     248 - hash:    21582, next_g: 139710571145088, next_i:      249
     249 - hash:    19143, next_g: 139710571145088, next_i:      250
     250 - hash:    53196, next_g: 139710571145088, next_i:      251
     251 - hash:    54127, next_g: 139710571145088, next_i:      252
     252 - hash:    14588, next_g: 139710571145088, next_i:      253
     253 - hash:    40283, next_g: 139710571145088, next_i:      254
     254 - hash:    28723, next_g: 139710571145088, next_i:      255
     255 - hash:    20542, next_g: 139710571145088, next_i:      256
     256 - hash:    20644, next_g: 139710571145088, next_i:      257
     257 - hash:    18741, next_g: 139710571145088, next_i:      258
     258 - hash:    29068, next_g: 139710571145088, next_i:      259
     259 - hash:    56883, next_g: 139710571145088, next_i:      260
     260 - hash:    37741, next_g: 139710571145088, next_i:      261
     261 - hash:    45061, next_g: 139710571145088, next_i:      262
     262 - hash:    44603, next_g: 139710571145088, next_i:      263
     263 - hash:    62268, next_g: 139710571145088, next_i:      264
     264 - hash:    46811, next_g: 139710571145088, next_i:      265
     265 - hash:    55626, next_g: 139710571145088, next_i:      266
     266 - hash:    46323, next_g: 139710571145088, next_i:      267
     267 - hash:    36539, next_g: 139710571145088, next_i:      268
     268 - hash:    62879, next_g: 139710571145088, next_i:      269
     269 - hash:    23235, next_g: 139710571145088, next_i:      270
     270 - hash:    14110, next_g: 139710571145088, next_i:      271
     271 - hash:    51238, next_g: 139710571145088, next_i:      272
     272 - hash:     2097, next_g: 139710571145088, next_i:      273
     273 - hash:    63898, next_g: 139710571145088, next_i:      274
     274 - hash:    38090, next_g: 139710571145088, next_i:      275
     275 - hash:    41431, next_g: 139710571145088, next_i:      276
     276 - hash:    31632, next_g: 139710571145088, next_i:      277
     277 - hash:    34849, next_g: 139710571145088, next_i:      278
     278 - hash:    53859, next_g: 139710571145088, next_i:      279
     279 - hash:    50380, next_g: 139710571145088, next_i:      280
     280 - hash:    59619, next_g: 139710571145088, next_i:      281
     281 - hash:    13323, next_g: 139710571145088, next_i:      282
     282 - hash:    31209, next_g: 139710571145088, next_i:      283
     283 - hash:    28432, next_g: 139710571145088, next_i:      284
     284 - hash:    18568, next_g: 139710571145088, next_i:      285
     285 - hash:    29356, next_g: 139710571145088, next_i:      286
     286 - hash:    18096, next_g: 139710571145088, next_i:      287
     287 - hash:    51783, next_g: 139710571145088, next_i:      288
     288 - hash:     8655, next_g: 139710571145088, next_i:      289
     289 - hash:    16296, next_g: 139710571145088, next_i:      290
     290 - hash:    56554, next_g: 139710571145088, next_i:      291
     291 - hash:    49989, next_g: 139710571145088, next_i:      292
     292 - hash:    18134, next_g: 139710571145088, next_i:      293
     293 - hash:    24182, next_g: 139710571145088, next_i:      294
     294 - hash:     8601, next_g: 139710571145088, next_i:      295
     295 - hash:    21145, next_g: 139710571145088, next_i:      296
     296 - hash:    60907, next_g: 139710571145088, next_i:      297
     297 - hash:    37575, next_g: 139710571145088, next_i:      298
     298 - hash:     9255, next_g: 139710571145088, next_i:      299
     299 - hash:    11323, next_g: 139710571145088, next_i:      300
     300 - hash:    21758, next_g: 139710571145088, next_i:      301
     301 - hash:    64394, next_g: 139710571145088, next_i:      302
     302 - hash:    64784, next_g: 139710571145088, next_i:      303
     303 - hash:    41598, next_g: 139710571145088, next_i:      304
     304 - hash:    15747, next_g: 139710571145088, next_i:      305
     305 - hash:    57803, next_g: 139710571145088, next_i:      306
     306 - hash:     6401, next_g: 139710571145088, next_i:      307
     307 - hash:    39776, next_g: 139710571145088, next_i:      308
     308 - hash:    17539, next_g: 139710571145088, next_i:      309
     309 - hash:     4388, next_g: 139710571145088, next_i:      310
     310 - hash:    64277, next_g: 139710571145088, next_i:      311
     311 - hash:    52614, next_g: 139710571145088, next_i:      312
     312 - hash:       14, next_g: 139710571145088, next_i:      313
     313 - hash:    49538, next_g: 139710571145088, next_i:      314
     314 - hash:    27412, next_g: 139710571145088, next_i:      315
     315 - hash:    16963, next_g: 139710571145088, next_i:      316
     316 - hash:     1084, next_g: 139710571145088, next_i:      317
     317 - hash:    32698, next_g: 139710571145088, next_i:      318
     318 - hash:    34070, next_g: 139710571145088, next_i:      319
     319 - hash:    52963, next_g: 139710571145088, next_i:      320
     320 - hash:     8813, next_g: 139710571145088, next_i:      321
     321 - hash:    63666, next_g: 139710571145088, next_i:      322
     322 - hash:    28817, next_g: 139710571145088, next_i:      323
     323 - hash:    41194, next_g: 139710571145088, next_i:      324
     324 - hash:    61430, next_g: 139710571145088, next_i:      325
     325 - hash:    58054, next_g: 139710571145088, next_i:      326
     326 - hash:    65533, next_g: 139710571145088, next_i:      327
     327 - hash:    45343, next_g: 139710571145088, next_i:      328
     328 - hash:    60859, next_g: 139710571145088, next_i:      329
     329 - hash:    41391, next_g: 139710571145088, next_i:      330
     330 - hash:    47704, next_g: 139710571145088, next_i:      331
     331 - hash:    61471, next_g: 139710571145088, next_i:      332
     332 - hash:     4842, next_g: 139710571145088, next_i:      333
     333 - hash:     8571, next_g: 139710571145088, next_i:      334
     334 - hash:    59937, next_g: 139710571145088, next_i:      335
     335 - hash:    32523, next_g: 139710571145088, next_i:      336
     336 - hash:    37825, next_g: 139710571145088, next_i:      337
     337 - hash:    39198, next_g: 139710571145088, next_i:      338
     338 - hash:     7348, next_g: 139710571145088, next_i:      339
     339 - hash:    48813, next_g: 139710571145088, next_i:      340
     340 - hash:    50774, next_g: 139710571145088, next_i:      341
     341 - hash:    22354, next_g: 139710571145088, next_i:      342
     342 - hash:    46828, next_g: 139710571145088, next_i:      343
     343 - hash:    20700, next_g: 139710571145088, next_i:      344
     344 - hash:    44614, next_g: 139710571145088, next_i:      345
     345 - hash:    20225, next_g: 139710571145088, next_i:      346
     346 - hash:    40197, next_g: 139710571145088, next_i:      347
     347 - hash:    36944, next_g: 139710571145088, next_i:      348
     348 - hash:    18287, next_g: 139710571145088, next_i:      349
     349 - hash:    52950, next_g: 139710571145088, next_i:      350
     350 - hash:     8446, next_g: 139710571145088, next_i:      351
     351 - hash:    13369, next_g: 139710571145088, next_i:      352
     352 - hash:     4079, next_g: 139710571145088, next_i:      353
     353 - hash:    38368, next_g: 139710571145088, next_i:      354
     354 - hash:    26704, next_g: 139710571145088, next_i:      355
     355 - hash:    47080, next_g: 139710571145088, next_i:      356
     356 - hash:    62199, next_g: 139710571145088, next_i:      357
     357 - hash:    48785, next_g: 139710571145088, next_i:      358
     358 - hash:    22633, next_g: 139710571145088, next_i:      359
     359 - hash:    62833, next_g: 139710571145088, next_i:      360
     360 - hash:    10411, next_g: 139710571145088, next_i:      361
     361 - hash:    58129, next_g: 139710571145088, next_i:      362
     362 - hash:    46169, next_g: 139710571145088, next_i:      363
     363 - hash:    15904, next_g: 139710571145088, next_i:      364
     364 - hash:     2596, next_g: 139710571145088, next_i:      365
     365 - hash:    64601, next_g: 139710571145088, next_i:      366
     366 - hash:      820, next_g: 139710571145088, next_i:      367
     367 - hash:    57901, next_g: 139710571145088, next_i:      368
     368 - hash:    57620, next_g: 139710571145088, next_i:      369
     369 - hash:    59708, next_g: 139710571145088, next_i:      370
     370 - hash:    36164, next_g: 139710571145088, next_i:      371
     371 - hash:    37430, next_g: 139710571145088, next_i:      372
     372 - hash:    58387, next_g: 139710571145088, next_i:      373
     373 - hash:    61962, next_g: 139710571145088, next_i:      374
     374 - hash:    47425, next_g: 139710571145088, next_i:      375
     375 - hash:    34251, next_g: 139710571145088, next_i:      376
     376 - hash:    29592, next_g: 139710571145088, next_i:      377
     377 - hash:    29378, next_g: 139710571145088, next_i:      378
     378 - hash:    35155, next_g: 139710571145088, next_i:      379
     379 - hash:    61570, next_g: 139710571145088, next_i:      380
     380 - hash:    48246, next_g: 139710571145088, next_i:      381
     381 - hash:    28260, next_g: 139710571145088, next_i:      382
     382 - hash:    38583, next_g: 139710571145088, next_i:      383
     383 - hash:    21506, next_g: 139710571145088, next_i:      384
     384 - hash:    40212, next_g: 139710571145088, next_i:      385
     385 - hash:    47108, next_g: 139710571145088, next_i:      386
     386 - hash:    27012, next_g: 139710571145088, next_i:      387
     387 - hash:    64418, next_g: 139710571145088, next_i:      388
     388 - hash:     6990, next_g: 139710571145088, next_i:      389
     389 - hash:    38481, next_g: 139710571145088, next_i:      390
     390 - hash:     6476, next_g: 139710571145088, next_i:      391
     391 - hash:    62789, next_g: 139710571145088, next_i:      392
     392 - hash:      655, next_g: 139710571145088, next_i:      393
     393 - hash:    27959, next_g: 139710571145088, next_i:      394
     394 - hash:    42008, next_g: 139710571145088, next_i:      395
     395 - hash:    21022, next_g: 139710571145088, next_i:      396
     396 - hash:      129, next_g: 139710571145088, next_i:      397
     397 - hash:    43402, next_g: 139710571145088, next_i:      398
     398 - hash:    14622, next_g: 139710571145088, next_i:      399
     399 - hash:     8677, next_g: 139710571145088, next_i:      400
     400 - hash:    35656, next_g: 139710571145088, next_i:      401
     401 - hash:    36150, next_g: 139710571145088, next_i:      402
     402 - hash:    46710, next_g: 139710571145088, next_i:      403
     403 - hash:    32702, next_g: 139710571145088, next_i:      404
     404 - hash:     9086, next_g: 139710571145088, next_i:      405
     405 - hash:    59322, next_g: 139710571145088, next_i:      406
     406 - hash:    46122, next_g: 139710571145088, next_i:      407
     407 - hash:    15189, next_g: 139710571145088, next_i:      408
     408 - hash:    59881, next_g: 139710571145088, next_i:      409
     409 - hash:    37615, next_g: 139710571145088, next_i:      410
     410 - hash:    55979, next_g: 139710571145088, next_i:      411
     411 - hash:    49342, next_g: 139710571145088, next_i:      412
     412 - hash:    31624, next_g: 139710571145088, next_i:      413
     413 - hash:    64812, next_g: 139710571145088, next_i:      414
     414 - hash:    34851, next_g: 139710571145088, next_i:      415
     415 - hash:    55631, next_g: 139710571145088, next_i:      416
     416 - hash:     5054, next_g: 139710571145088, next_i:      417
     417 - hash:     6992, next_g: 139710571145088, next_i:      418
     418 - hash:    61022, next_g: 139710571145088, next_i:      419
     419 - hash:    54858, next_g: 139710571145088, next_i:      420
     420 - hash:    33436, next_g: 139710571145088, next_i:      421
     421 - hash:    34284, next_g: 139710571145088, next_i:      422
     422 - hash:    48767, next_g: 139710571145088, next_i:      423
     423 - hash:     3524, next_g: 139710571145088, next_i:      424
     424 - hash:    51714, next_g: 139710571145088, next_i:      425
     425 - hash:     7971, next_g: 139710571145088, next_i:      426
     426 - hash:    58835, next_g: 139710571145088, next_i:      427
     427 - hash:    19518, next_g: 139710571145088, next_i:      428
     428 - hash:    17822, next_g: 139710571145088, next_i:      429
     429 - hash:    63966, next_g: 139710571145088, next_i:      430
     430 - hash:    61112, next_g: 139710571145088, next_i:      431
     431 - hash:    47582, next_g: 139710571145088, next_i:      432
     432 - hash:     6955, next_g: 139710571145088, next_i:      433
     433 - hash:    12076, next_g: 139710571145088, next_i:      434
     434 - hash:    10760, next_g: 139710571145088, next_i:      435
     435 - hash:    53339, next_g: 139710571145088, next_i:      436
     436 - hash:    56137, next_g: 139710571145088, next_i:      437
     437 - hash:    55973, next_g: 139710571145088, next_i:      438
     438 - hash:    37417, next_g: 139710571145088, next_i:      439
     439 - hash:    22895, next_g: 139710571145088, next_i:      440
     440 - hash:     2068, next_g: 139710571145088, next_i:      441
     441 - hash:    38149, next_g: 139710571145088, next_i:      442
     442 - hash:    41144, next_g: 139710571145088, next_i:      443
     443 - hash:    37693, next_g: 139710571145088, next_i:      444
     444 - hash:    41201, next_g: 139710571145088, next_i:      445
     445 - hash:    44648, next_g: 139710571145088, next_i:      446
     446 - hash:    17416, next_g: 139710571145088, next_i:      447
     447 - hash:     3059, next_g: 139710571145088, next_i:      448
     448 - hash:    39244, next_g: 139710571145088, next_i:      449
     449 - hash:    41237, next_g: 139710571145088, next_i:      450
     450 - hash:    31645, next_g: 139710571145088, next_i:      451
     451 - hash:    14658, next_g: 139710571145088, next_i:      452
     452 - hash:    14707, next_g: 139710571145088, next_i:      453
     453 - hash:    59525, next_g: 139710571145088, next_i:      454
     454 - hash:    25575, next_g: 139710571145088, next_i:      455
     455 - hash:    31856, next_g: 139710571145088, next_i:      456
     456 - hash:    61603, next_g: 139710571145088, next_i:      457
     457 - hash:    36554, next_g: 139710571145088, next_i:      458
     458 - hash:    42500, next_g: 139710571145088, next_i:      459
     459 - hash:    20312, next_g: 139710571145088, next_i:      460
     460 - hash:       53, next_g: 139710571145088, next_i:      461
     461 - hash:     7339, next_g: 139710571145088, next_i:      462
     462 - hash:    35173, next_g: 139710571145088, next_i:      463
     463 - hash:    34568, next_g: 139710571145088, next_i:      464
     464 - hash:    61756, next_g: 139710571145088, next_i:      465
     465 - hash:      211, next_g: 139710571145088, next_i:      466
     466 - hash:     8262, next_g: 139710571145088, next_i:      467
     467 - hash:    19522, next_g: 139710571145088, next_i:      468
     468 - hash:    22437, next_g: 139710571145088, next_i:      469
     469 - hash:    25936, next_g: 139710571145088, next_i:      470
     470 - hash:    33551, next_g: 139710571145088, next_i:      471
     471 - hash:     4809, next_g: 139710571145088, next_i:      472
     472 - hash:    55998, next_g: 139710571145088, next_i:      473
     473 - hash:    64745, next_g: 139710571145088, next_i:      474
     474 - hash:    27981, next_g: 139710571145088, next_i:      475
     475 - hash:     8469, next_g: 139710571145088, next_i:      476
     476 - hash:    40478, next_g: 139710571145088, next_i:      477
     477 - hash:    29604, next_g: 139710571145088, next_i:      478
     478 - hash:    45742, next_g: 139710571145088, next_i:      479
     479 - hash:     3387, next_g: 139710571145088, next_i:      480
     480 - hash:    12529, next_g: 139710571145088, next_i:      481
     481 - hash:    61993, next_g: 139710571145088, next_i:      482
     482 - hash:    25120, next_g: 139710571145088, next_i:      483
     483 - hash:    14665, next_g: 139710571145088, next_i:      484
     484 - hash:    22487, next_g: 139710571145088, next_i:      485
     485 - hash:    45023, next_g: 139710571145088, next_i:      486
     486 - hash:    23837, next_g: 139710571145088, next_i:      487
     487 - hash:    19642, next_g: 139710571145088, next_i:      488
     488 - hash:    13099, next_g: 139710571145088, next_i:      489
     489 - hash:     4231, next_g: 139710571145088, next_i:      490
     490 - hash:    12006, next_g: 139710571145088, next_i:      491
     491 - hash:    12414, next_g: 139710571145088, next_i:      492
     492 - hash:    34452, next_g: 139710571145088, next_i:      493
     493 - hash:    29325, next_g: 139710571145088, next_i:      494
     494 - hash:    39497, next_g: 139710571145088, next_i:      495
     495 - hash:    10490, next_g: 139710571145088, next_i:      496
     496 - hash:     6818, next_g: 139710571145088, next_i:      497
     497 - hash:    19017, next_g: 139710571145088, next_i:      498
     498 - hash:    32627, next_g: 139710571145088, next_i:      499
     499 - hash:    60976, next_g: 139710571145088, next_i:      500
     500 - hash:    21786, next_g: 139710571145088, next_i:      501
     501 - hash:    48396, next_g: 139710571145088, next_i:      502
     502 - hash:    15356, next_g: 139710571145088, next_i:      503
     503 - hash:     4864, next_g: 139710571145088, next_i:      504
     504 - hash:    61167, next_g: 139710571145088, next_i:      505
     505 - hash:    23997, next_g: 139710571145088, next_i:      506
     506 - hash:    13765, next_g: 139710571145088, next_i:      507
     507 - hash:    59554, next_g: 139710571145088, next_i:      508
     508 - hash:    58905, next_g: 139710571145088, next_i:      509
     509 - hash:    14390, next_g: 139710571145088, next_i:      510
     510 - hash:    34321, next_g: 139710571145088, next_i:      511
     511 - hash:     5071, next_g: 139710571145088, next_i:       96
REPORT - (TAIL: 512, CYCLE: 417)

Init x: b'\x00\x00\x00\x00\x00\x00\x00\x00\x00\x00\x00\x00\x00\x00\x1dA'
       0 - hash:    32255, next_g: 139710571218496, next_i:        1
       1 - hash:    42406, next_g: 139710571218496, next_i:        2
       2 - hash:    35750, next_g: 139710571218496, next_i:        3
       3 - hash:    55765, next_g: 139710571218496, next_i:        4
       4 - hash:    63441, next_g: 139710571218496, next_i:        5
       5 - hash:    50171, next_g: 139710571218496, next_i:        6
       6 - hash:    16606, next_g: 139710571218496, next_i:        7
       7 - hash:    18772, next_g: 139710571218496, next_i:        8
       8 - hash:    10105, next_g: 139710571218496, next_i:        9
       9 - hash:     7277, next_g: 139710571218496, next_i:       10
      10 - hash:    27289, next_g: 139710571218496, next_i:       11
      11 - hash:    11527, next_g: 139710571218496, next_i:       12
      12 - hash:    21557, next_g: 139710571218496, next_i:       13
      13 - hash:     9377, next_g: 139710571218496, next_i:       14
      14 - hash:    31252, next_g: 139710571218496, next_i:       15
      15 - hash:     5599, next_g: 139710571218496, next_i:       16
      16 - hash:    49076, next_g: 139710571218496, next_i:       17
      17 - hash:    19257, next_g: 139710571218496, next_i:       18
      18 - hash:      882, next_g: 139710571218496, next_i:       19
      19 - hash:    60427, next_g: 139710571218496, next_i:       20
      20 - hash:    32481, next_g: 139710571218496, next_i:       21
      21 - hash:    45826, next_g: 139710571218496, next_i:       22
      22 - hash:    42182, next_g: 139710571218496, next_i:       23
      23 - hash:     4730, next_g: 139710571218496, next_i:       24
      24 - hash:    63497, next_g: 139710571218496, next_i:       25
      25 - hash:    61122, next_g: 139710571218496, next_i:       26
      26 - hash:    14894, next_g: 139710571218496, next_i:       27
      27 - hash:    11281, next_g: 139710571218496, next_i:       28
      28 - hash:    64375, next_g: 139710571218496, next_i:       29
      29 - hash:    27529, next_g: 139710571218496, next_i:       30
      30 - hash:    26274, next_g: 139710571218496, next_i:       31
      31 - hash:    33207, next_g: 139710571218496, next_i:       32
      32 - hash:    14841, next_g: 139710571218496, next_i:       33
      33 - hash:    60605, next_g: 139710571218496, next_i:       34
      34 - hash:    30528, next_g: 139710571218496, next_i:       35
      35 - hash:    32555, next_g: 139710571218496, next_i:       36
      36 - hash:     7339, next_g: 139710571145088, next_i:      461
REPORT - (TAIL: 37, CYCLE: -1)

Init x: b'\x00\x00\x00\x00\x00\x00\x00\x00\x00\x00\x00\x00\x00\x06c$'
       0 - hash:    41611, next_g: 139710571145216, next_i:        1
       1 - hash:    54559, next_g: 139710571145216, next_i:        2
       2 - hash:     4037, next_g: 139710571145216, next_i:        3
       3 - hash:      574, next_g: 139710571145216, next_i:        4
       4 - hash:    28264, next_g: 139710571145216, next_i:        5
       5 - hash:    63184, next_g: 139710571145216, next_i:        6
       6 - hash:    42741, next_g: 139710571145216, next_i:        7
       7 - hash:    17583, next_g: 139710571145216, next_i:        8
       8 - hash:    28425, next_g: 139710571145216, next_i:        9
       9 - hash:    28637, next_g: 139710571145216, next_i:       10
      10 - hash:    16107, next_g: 139710571145216, next_i:       11
      11 - hash:    21730, next_g: 139710571145216, next_i:       12
      12 - hash:    20615, next_g: 139710571145088, next_i:       85
REPORT - (TAIL: 13, CYCLE: -1)

Init x: b'\x00\x00\x00\x00\x00\x00\x00\x00\x00\x00\x00\x00\x00\x00\x12\xf8'
       0 - hash:    56398, next_g: 139710571144704, next_i:        1
       1 - hash:    10768, next_g: 139710571144704, next_i:        2
       2 - hash:    24192, next_g: 139710571144704, next_i:        3
       3 - hash:    27355, next_g: 139710571144704, next_i:        4
       4 - hash:    11886, next_g: 139710571144704, next_i:        5
       5 - hash:    20557, next_g: 139710571144704, next_i:        6
       6 - hash:     3115, next_g: 139710571144704, next_i:        7
       7 - hash:    54223, next_g: 139710571144704, next_i:        8
       8 - hash:    20955, next_g: 139710571144704, next_i:        9
       9 - hash:     7632, next_g: 139710571144704, next_i:       10
      10 - hash:    13000, next_g: 139710571144704, next_i:       11
      11 - hash:    54445, next_g: 139710571144704, next_i:       12
      12 - hash:    38134, next_g: 139710571144704, next_i:       13
      13 - hash:    61254, next_g: 139710571144704, next_i:       14
      14 - hash:    10316, next_g: 139710571144704, next_i:       15
      15 - hash:    63569, next_g: 139710571144704, next_i:       16
      16 - hash:    37241, next_g: 139710571144704, next_i:       17
      17 - hash:    60974, next_g: 139710571144704, next_i:       18
      18 - hash:    18318, next_g: 139710571144704, next_i:       19
      19 - hash:    19997, next_g: 139710571144704, next_i:       20
      20 - hash:    26368, next_g: 139710571144704, next_i:       21
      21 - hash:    39641, next_g: 139710571144704, next_i:       22
      22 - hash:     9662, next_g: 139710571144704, next_i:       23
      23 - hash:    46902, next_g: 139710571144704, next_i:       24
      24 - hash:    43780, next_g: 139710571144704, next_i:       25
      25 - hash:    43414, next_g: 139710571144704, next_i:       26
      26 - hash:    11829, next_g: 139710571144704, next_i:       27
      27 - hash:    62644, next_g: 139710571144704, next_i:       28
      28 - hash:    61499, next_g: 139710571144704, next_i:       29
      29 - hash:     1638, next_g: 139710571144704, next_i:       30
      30 - hash:    45384, next_g: 139710571144704, next_i:       31
      31 - hash:     8319, next_g: 139710571144704, next_i:       32
      32 - hash:    52981, next_g: 139710571144704, next_i:       33
      33 - hash:    55224, next_g: 139710571144704, next_i:       34
      34 - hash:    58725, next_g: 139710571144704, next_i:       35
      35 - hash:    40225, next_g: 139710571144704, next_i:       36
      36 - hash:    17245, next_g: 139710571144704, next_i:       37
      37 - hash:    20208, next_g: 139710571144704, next_i:       38
      38 - hash:    43668, next_g: 139710571144704, next_i:       39
      39 - hash:    19020, next_g: 139710571144704, next_i:       40
      40 - hash:     9861, next_g: 139710571144704, next_i:       41
      41 - hash:    14642, next_g: 139710571144704, next_i:       42
      42 - hash:    21349, next_g: 139710571144704, next_i:       43
      43 - hash:    49969, next_g: 139710571144704, next_i:       44
      44 - hash:    22849, next_g: 139710571144704, next_i:       45
      45 - hash:    14168, next_g: 139710571144704, next_i:       46
      46 - hash:    31476, next_g: 139710571144704, next_i:       47
      47 - hash:    61306, next_g: 139710571144704, next_i:       48
      48 - hash:    19573, next_g: 139710571144704, next_i:       49
      49 - hash:    64678, next_g: 139710571144704, next_i:       50
      50 - hash:    15757, next_g: 139710571144704, next_i:       51
      51 - hash:    19279, next_g: 139710571144704, next_i:       52
      52 - hash:    20343, next_g: 139710571144704, next_i:       53
      53 - hash:    47096, next_g: 139710571144704, next_i:       54
      54 - hash:    59778, next_g: 139710571144704, next_i:       55
      55 - hash:    55718, next_g: 139710571144704, next_i:       56
      56 - hash:    61241, next_g: 139710571144704, next_i:       57
      57 - hash:    59460, next_g: 139710571144704, next_i:       58
      58 - hash:    52504, next_g: 139710571144704, next_i:       59
      59 - hash:     3799, next_g: 139710571144704, next_i:       60
      60 - hash:    62930, next_g: 139710571144704, next_i:       61
      61 - hash:     2765, next_g: 139710571144704, next_i:       62
      62 - hash:    44407, next_g: 139710571144704, next_i:       63
      63 - hash:    47134, next_g: 139710571144704, next_i:       64
      64 - hash:    53231, next_g: 139710571144704, next_i:       65
      65 - hash:     2503, next_g: 139710571144704, next_i:       66
      66 - hash:    25345, next_g: 139710571144704, next_i:       67
      67 - hash:    52749, next_g: 139710571144704, next_i:       68
      68 - hash:    48124, next_g: 139710571144704, next_i:       69
      69 - hash:    27182, next_g: 139710571144704, next_i:       70
      70 - hash:    60235, next_g: 139710571144704, next_i:       71
      71 - hash:    16551, next_g: 139710571144704, next_i:       72
      72 - hash:    16450, next_g: 139710571144704, next_i:       73
      73 - hash:    21905, next_g: 139710571144704, next_i:       74
      74 - hash:    60934, next_g: 139710571144704, next_i:       75
      75 - hash:    19086, next_g: 139710571144704, next_i:       76
      76 - hash:    55237, next_g: 139710571144704, next_i:       77
      77 - hash:      744, next_g: 139710571144704, next_i:       78
      78 - hash:     7505, next_g: 139710571144704, next_i:       79
      79 - hash:    55439, next_g: 139710571144704, next_i:       80
      80 - hash:    59120, next_g: 139710571144704, next_i:       81
      81 - hash:    36096, next_g: 139710571144704, next_i:       82
      82 - hash:     7479, next_g: 139710571144704, next_i:       83
      83 - hash:    15092, next_g: 139710571144704, next_i:       84
      84 - hash:    10396, next_g: 139710571144704, next_i:       85
      85 - hash:     1349, next_g: 139710571144704, next_i:       86
      86 - hash:    48426, next_g: 139710571144704, next_i:       87
      87 - hash:    51783, next_g: 139710571145088, next_i:      287
REPORT - (TAIL: 88, CYCLE: -1)

Init x: b'\x00\x00\x00\x00\x00\x00\x00\x00\x00\x00\x00\x00\x00\x00\x12M'
       0 - hash:     4766, next_g: 139710571144512, next_i:        1
       1 - hash:    20875, next_g: 139710571144512, next_i:        2
       2 - hash:    52898, next_g: 139710571144512, next_i:        3
       3 - hash:    58927, next_g: 139710571144512, next_i:        4
       4 - hash:    45154, next_g: 139710571144512, next_i:        5
       5 - hash:    26097, next_g: 139710571144512, next_i:        6
       6 - hash:    12722, next_g: 139710571144512, next_i:        7
       7 - hash:    40939, next_g: 139710571144512, next_i:        8
       8 - hash:      450, next_g: 139710571144512, next_i:        9
       9 - hash:    27434, next_g: 139710571144512, next_i:       10
      10 - hash:    12886, next_g: 139710571144512, next_i:       11
      11 - hash:    48122, next_g: 139710571144512, next_i:       12
      12 - hash:    55022, next_g: 139710571144512, next_i:       13
      13 - hash:    56468, next_g: 139710571144512, next_i:       14
      14 - hash:    47764, next_g: 139710571144512, next_i:       15
      15 - hash:    43965, next_g: 139710571144512, next_i:       16
      16 - hash:    22703, next_g: 139710571144512, next_i:       17
      17 - hash:    24135, next_g: 139710571144512, next_i:       18
      18 - hash:    36365, next_g: 139710571144512, next_i:       19
      19 - hash:    44106, next_g: 139710571144512, next_i:       20
      20 - hash:    46969, next_g: 139710571144512, next_i:       21
      21 - hash:     6068, next_g: 139710571144512, next_i:       22
      22 - hash:    39005, next_g: 139710571144512, next_i:       23
      23 - hash:    24837, next_g: 139710571144512, next_i:       24
      24 - hash:     1655, next_g: 139710571144512, next_i:       25
      25 - hash:    20333, next_g: 139710571144512, next_i:       26
      26 - hash:     6399, next_g: 139710571144512, next_i:       27
      27 - hash:    12611, next_g: 139710571144512, next_i:       28
      28 - hash:     1392, next_g: 139710571144512, next_i:       29
      29 - hash:    48071, next_g: 139710571144512, next_i:       30
      30 - hash:    64778, next_g: 139710571144512, next_i:       31
      31 - hash:    48289, next_g: 139710571144512, next_i:       32
      32 - hash:     6085, next_g: 139710571144512, next_i:       33
      33 - hash:    12298, next_g: 139710571144512, next_i:       34
      34 - hash:    11634, next_g: 139710571144512, next_i:       35
      35 - hash:    53678, next_g: 139710571144512, next_i:       36
      36 - hash:    28290, next_g: 139710571144512, next_i:       37
      37 - hash:    64624, next_g: 139710571144512, next_i:       38
      38 - hash:    29625, next_g: 139710571144512, next_i:       39
      39 - hash:      242, next_g: 139710571144512, next_i:       40
      40 - hash:    60175, next_g: 139710571144512, next_i:       41
      41 - hash:    15285, next_g: 139710571144512, next_i:       42
      42 - hash:    54480, next_g: 139710571144512, next_i:       43
      43 - hash:     8310, next_g: 139710571144512, next_i:       44
      44 - hash:    26113, next_g: 139710571144512, next_i:       45
      45 - hash:    17176, next_g: 139710571144512, next_i:       46
      46 - hash:    26109, next_g: 139710571144512, next_i:       47
      47 - hash:    20216, next_g: 139710571144512, next_i:       48
      48 - hash:    30101, next_g: 139710571144512, next_i:       49
      49 - hash:    59345, next_g: 139710571144512, next_i:       50
      50 - hash:    40624, next_g: 139710571145088, next_i:       86
REPORT - (TAIL: 51, CYCLE: -1)

Init x: b'\x00\x00\x00\x00\x00\x00\x00\x00\x00\x00\x00\x00\x00\x06W\x87'
       0 - hash:    44596, next_g: 139710571144192, next_i:        1
       1 - hash:    26849, next_g: 139710571144192, next_i:        2
       2 - hash:     4220, next_g: 139710571144192, next_i:        3
       3 - hash:    25741, next_g: 139710571144192, next_i:        4
       4 - hash:    26300, next_g: 139710571144192, next_i:        5
       5 - hash:    30606, next_g: 139710571144192, next_i:        6
       6 - hash:    39832, next_g: 139710571144192, next_i:        7
       7 - hash:    28270, next_g: 139710571144192, next_i:        8
       8 - hash:    18541, next_g: 139710571144192, next_i:        9
       9 - hash:     2967, next_g: 139710571144192, next_i:       10
      10 - hash:    43824, next_g: 139710571144192, next_i:       11
      11 - hash:     5461, next_g: 139710571144192, next_i:       12
      12 - hash:    35727, next_g: 139710571144192, next_i:       13
      13 - hash:    63001, next_g: 139710571144192, next_i:       14
      14 - hash:    23905, next_g: 139710571144192, next_i:       15
      15 - hash:    33493, next_g: 139710571144192, next_i:       16
      16 - hash:    61940, next_g: 139710571144192, next_i:       17
      17 - hash:    64592, next_g: 139710571144192, next_i:       18
      18 - hash:    35538, next_g: 139710571144192, next_i:       19
      19 - hash:    11466, next_g: 139710571144192, next_i:       20
      20 - hash:    39472, next_g: 139710571144192, next_i:       21
      21 - hash:     7280, next_g: 139710571144192, next_i:       22
      22 - hash:    63657, next_g: 139710571144192, next_i:       23
      23 - hash:    18907, next_g: 139710571144192, next_i:       24
      24 - hash:    57561, next_g: 139710571144192, next_i:       25
      25 - hash:    13397, next_g: 139710571144192, next_i:       26
      26 - hash:     5842, next_g: 139710571144192, next_i:       27
      27 - hash:    44948, next_g: 139710571144192, next_i:       28
      28 - hash:    55392, next_g: 139710571144192, next_i:       29
      29 - hash:     1931, next_g: 139710571144192, next_i:       30
      30 - hash:    44601, next_g: 139710571144192, next_i:       31
      31 - hash:    13242, next_g: 139710571144192, next_i:       32
      32 - hash:    52061, next_g: 139710571144192, next_i:       33
      33 - hash:     5029, next_g: 139710571144192, next_i:       34
      34 - hash:    64466, next_g: 139710571144192, next_i:       35
      35 - hash:    21099, next_g: 139710571144192, next_i:       36
      36 - hash:     8566, next_g: 139710571144192, next_i:       37
      37 - hash:    11619, next_g: 139710571144192, next_i:       38
      38 - hash:    41732, next_g: 139710571144192, next_i:       39
      39 - hash:    63509, next_g: 139710571144192, next_i:       40
      40 - hash:    25497, next_g: 139710571144192, next_i:       41
      41 - hash:    21928, next_g: 139710571144192, next_i:       42
      42 - hash:    12442, next_g: 139710571144192, next_i:       43
      43 - hash:    20388, next_g: 139710571144192, next_i:       44
      44 - hash:     1030, next_g: 139710571144192, next_i:       45
      45 - hash:    10529, next_g: 139710571144192, next_i:       46
      46 - hash:    52000, next_g: 139710571144192, next_i:       47
      47 - hash:    18437, next_g: 139710571144192, next_i:       48
      48 - hash:    33166, next_g: 139710571144192, next_i:       49
      49 - hash:    62135, next_g: 139710571144192, next_i:       50
      50 - hash:      459, next_g: 139710571144192, next_i:       51
      51 - hash:     5916, next_g: 139710571144192, next_i:       52
      52 - hash:    41508, next_g: 139710571144192, next_i:       53
      53 - hash:    14468, next_g: 139710571144192, next_i:       54
      54 - hash:    49784, next_g: 139710571144192, next_i:       55
      55 - hash:    41850, next_g: 139710571144192, next_i:       56
      56 - hash:    35013, next_g: 139710571144192, next_i:       57
      57 - hash:    15671, next_g: 139710571144192, next_i:       58
      58 - hash:    16860, next_g: 139710571144192, next_i:       59
      59 - hash:    15909, next_g: 139710571144192, next_i:       60
      60 - hash:    32448, next_g: 139710571144192, next_i:       61
      61 - hash:    18165, next_g: 139710571144192, next_i:       62
      62 - hash:    63837, next_g: 139710571144192, next_i:       63
      63 - hash:     7542, next_g: 139710571144192, next_i:       64
      64 - hash:    45813, next_g: 139710571144192, next_i:       65
      65 - hash:    48253, next_g: 139710571144192, next_i:       66
      66 - hash:    65420, next_g: 139710571144192, next_i:       67
      67 - hash:     6604, next_g: 139710571144192, next_i:       68
      68 - hash:    29794, next_g: 139710571144192, next_i:       69
      69 - hash:    61384, next_g: 139710571144192, next_i:       70
      70 - hash:    28858, next_g: 139710571144192, next_i:       71
      71 - hash:    63975, next_g: 139710571144192, next_i:       72
      72 - hash:    39001, next_g: 139710571144192, next_i:       73
      73 - hash:    29161, next_g: 139710571144192, next_i:       74
      74 - hash:    27791, next_g: 139710571144192, next_i:       75
      75 - hash:     7359, next_g: 139710571144192, next_i:       76
      76 - hash:     6249, next_g: 139710571144192, next_i:       77
      77 - hash:    63259, next_g: 139710571144192, next_i:       78
      78 - hash:    50545, next_g: 139710571144192, next_i:       79
      79 - hash:    44135, next_g: 139710571144192, next_i:       80
      80 - hash:     3679, next_g: 139710571144192, next_i:       81
      81 - hash:    12545, next_g: 139710571144192, next_i:       82
      82 - hash:    33302, next_g: 139710571144192, next_i:       83
      83 - hash:     4297, next_g: 139710571144192, next_i:       84
      84 - hash:    55478, next_g: 139710571144192, next_i:       85
      85 - hash:    15722, next_g: 139710571144192, next_i:       86
      86 - hash:    56830, next_g: 139710571144192, next_i:       87
      87 - hash:    12686, next_g: 139710571144192, next_i:       88
      88 - hash:    34749, next_g: 139710571144192, next_i:       89
      89 - hash:    15638, next_g: 139710571144192, next_i:       90
      90 - hash:    32688, next_g: 139710571144192, next_i:       91
      91 - hash:    33311, next_g: 139710571144192, next_i:       92
      92 - hash:    15165, next_g: 139710571144192, next_i:       93
      93 - hash:    32408, next_g: 139710571144192, next_i:       94
      94 - hash:    30376, next_g: 139710571144192, next_i:       95
      95 - hash:     5133, next_g: 139710571144192, next_i:       96
      96 - hash:    36044, next_g: 139710571144192, next_i:       97
      97 - hash:     4495, next_g: 139710571144192, next_i:       98
      98 - hash:    64466, next_g: 139710571144192, next_i:       34
REPORT - (TAIL: 99, CYCLE: 66)

Init x: b'\x00\x00\x00\x00\x00\x00\x00\x00\x00\x00\x00\x00\x00\x00\x05H'
       0 - hash:    61402, next_g: 139710571144064, next_i:        1
       1 - hash:    39069, next_g: 139710571144064, next_i:        2
       2 - hash:    58980, next_g: 139710571144064, next_i:        3
       3 - hash:    63646, next_g: 139710571144064, next_i:        4
       4 - hash:    53472, next_g: 139710571144064, next_i:        5
       5 - hash:    45980, next_g: 139710571144064, next_i:        6
       6 - hash:     1136, next_g: 139710571144064, next_i:        7
       7 - hash:    26459, next_g: 139710571144064, next_i:        8
       8 - hash:    15910, next_g: 139710571144064, next_i:        9
       9 - hash:    60867, next_g: 139710571144064, next_i:       10
      10 - hash:    21457, next_g: 139710571144064, next_i:       11
      11 - hash:    31551, next_g: 139710571144064, next_i:       12
      12 - hash:    49846, next_g: 139710571144064, next_i:       13
      13 - hash:    32173, next_g: 139710571144064, next_i:       14
      14 - hash:    62065, next_g: 139710571144064, next_i:       15
      15 - hash:    21944, next_g: 139710571144064, next_i:       16
      16 - hash:     8879, next_g: 139710571144064, next_i:       17
      17 - hash:    16470, next_g: 139710571144064, next_i:       18
      18 - hash:     6459, next_g: 139710571144064, next_i:       19
      19 - hash:    40122, next_g: 139710571144064, next_i:       20
      20 - hash:     2522, next_g: 139710571144064, next_i:       21
      21 - hash:    43550, next_g: 139710571144064, next_i:       22
      22 - hash:    20799, next_g: 139710571144064, next_i:       23
      23 - hash:    31691, next_g: 139710571144064, next_i:       24
      24 - hash:    33674, next_g: 139710571144064, next_i:       25
      25 - hash:      713, next_g: 139710571144064, next_i:       26
      26 - hash:    41075, next_g: 139710571144064, next_i:       27
      27 - hash:    36454, next_g: 139710571144064, next_i:       28
      28 - hash:    29621, next_g: 139710571144064, next_i:       29
      29 - hash:     3120, next_g: 139710571144064, next_i:       30
      30 - hash:     4751, next_g: 139710571144064, next_i:       31
      31 - hash:    36839, next_g: 139710571144064, next_i:       32
      32 - hash:    56533, next_g: 139710571144064, next_i:       33
      33 - hash:    30126, next_g: 139710571144064, next_i:       34
      34 - hash:    43706, next_g: 139710571144064, next_i:       35
      35 - hash:    64166, next_g: 139710571144064, next_i:       36
      36 - hash:    17899, next_g: 139710571144064, next_i:       37
      37 - hash:    10108, next_g: 139710571144064, next_i:       38
      38 - hash:    38524, next_g: 139710571144064, next_i:       39
      39 - hash:    62380, next_g: 139710571144064, next_i:       40
      40 - hash:    12285, next_g: 139710571144064, next_i:       41
      41 - hash:    40002, next_g: 139710571144064, next_i:       42
      42 - hash:    34806, next_g: 139710571144064, next_i:       43
      43 - hash:    23331, next_g: 139710571144064, next_i:       44
      44 - hash:    47845, next_g: 139710571144064, next_i:       45
      45 - hash:    23337, next_g: 139710571144064, next_i:       46
      46 - hash:     3309, next_g: 139710571144064, next_i:       47
      47 - hash:    62399, next_g: 139710571144064, next_i:       48
      48 - hash:    10721, next_g: 139710571144064, next_i:       49
      49 - hash:    31729, next_g: 139710571144064, next_i:       50
      50 - hash:    54586, next_g: 139710571144064, next_i:       51
      51 - hash:    55388, next_g: 139710571144064, next_i:       52
      52 - hash:    14163, next_g: 139710571144064, next_i:       53
      53 - hash:    11336, next_g: 139710571144064, next_i:       54
      54 - hash:    25799, next_g: 139710571144064, next_i:       55
      55 - hash:    51303, next_g: 139710571144064, next_i:       56
      56 - hash:    10768, next_g: 139710571144704, next_i:        1
REPORT - (TAIL: 57, CYCLE: -1)

Init x: b'\x00\x00\x00\x00\x00\x00\x00\x00\x00\x00\x00\x00\x00\x00\xbd\xd4'
       0 - hash:    11570, next_g: 139710578457408, next_i:        1
       1 - hash:    52570, next_g: 139710578457408, next_i:        2
       2 - hash:    48689, next_g: 139710578457408, next_i:        3
       3 - hash:    22375, next_g: 139710578457408, next_i:        4
       4 - hash:    10089, next_g: 139710578457408, next_i:        5
       5 - hash:    37604, next_g: 139710578457408, next_i:        6
       6 - hash:    36787, next_g: 139710578457408, next_i:        7
       7 - hash:    46367, next_g: 139710571145088, next_i:      109
REPORT - (TAIL: 8, CYCLE: -1)

Init x: b'\x00\x00\x00\x00\x00\x00\x00\x00\x00\x00\x00\x00\x00\xea3\x9b'
       0 - hash:    13120, next_g: 139710599077760, next_i:        1
       1 - hash:    39116, next_g: 139710599077760, next_i:        2
       2 - hash:    27573, next_g: 139710599077760, next_i:        3
       3 - hash:    51969, next_g: 139710599077760, next_i:        4
       4 - hash:    59922, next_g: 139710599077760, next_i:        5
       5 - hash:    37266, next_g: 139710599077760, next_i:        6
       6 - hash:    29164, next_g: 139710599077760, next_i:        7
       7 - hash:    47540, next_g: 139710599077760, next_i:        8
       8 - hash:    15718, next_g: 139710599077760, next_i:        9
       9 - hash:    23708, next_g: 139710599077760, next_i:       10
      10 - hash:    65022, next_g: 139710599077760, next_i:       11
      11 - hash:    28215, next_g: 139710599077760, next_i:       12
      12 - hash:    27444, next_g: 139710599077760, next_i:       13
      13 - hash:    27117, next_g: 139710571145088, next_i:      119
REPORT - (TAIL: 14, CYCLE: -1)

Init x: b'\x00\x00\x00\x00\x00\x00\x00\x00\x00\x00\x00\x00\x00\x00\xa1\x8c'
       0 - hash:    33841, next_g: 139710571142080, next_i:        1
       1 - hash:    34683, next_g: 139710571142080, next_i:        2
       2 - hash:    36107, next_g: 139710571142080, next_i:        3
       3 - hash:     7707, next_g: 139710571142080, next_i:        4
       4 - hash:    59451, next_g: 139710571142080, next_i:        5
       5 - hash:    56530, next_g: 139710571142080, next_i:        6
       6 - hash:    47060, next_g: 139710571142080, next_i:        7
       7 - hash:    53326, next_g: 139710571142080, next_i:        8
       8 - hash:     1307, next_g: 139710571142080, next_i:        9
       9 - hash:    41161, next_g: 139710571142080, next_i:       10
      10 - hash:    19309, next_g: 139710571142080, next_i:       11
      11 - hash:    17128, next_g: 139710571142080, next_i:       12
      12 - hash:    38652, next_g: 139710571142080, next_i:       13
      13 - hash:     1045, next_g: 139710571142080, next_i:       14
      14 - hash:    53988, next_g: 139710571142080, next_i:       15
      15 - hash:     4022, next_g: 139710571142080, next_i:       16
      16 - hash:    42012, next_g: 139710571142080, next_i:       17
      17 - hash:    14471, next_g: 139710571142080, next_i:       18
      18 - hash:    36034, next_g: 139710571142080, next_i:       19
      19 - hash:    37816, next_g: 139710571142080, next_i:       20
      20 - hash:    45738, next_g: 139710571142080, next_i:       21
      21 - hash:    11327, next_g: 139710571142080, next_i:       22
      22 - hash:    48642, next_g: 139710571142080, next_i:       23
      23 - hash:    17373, next_g: 139710571142080, next_i:       24
      24 - hash:    59693, next_g: 139710571142080, next_i:       25
      25 - hash:    14273, next_g: 139710571142080, next_i:       26
      26 - hash:    24500, next_g: 139710571142080, next_i:       27
      27 - hash:    42947, next_g: 139710571142080, next_i:       28
      28 - hash:     7953, next_g: 139710571142080, next_i:       29
      29 - hash:    24166, next_g: 139710571142080, next_i:       30
      30 - hash:    62303, next_g: 139710571142080, next_i:       31
      31 - hash:    44240, next_g: 139710571142080, next_i:       32
      32 - hash:    59604, next_g: 139710571142080, next_i:       33
      33 - hash:     3107, next_g: 139710571142080, next_i:       34
      34 - hash:    27931, next_g: 139710571142080, next_i:       35
      35 - hash:     6440, next_g: 139710571142080, next_i:       36
      36 - hash:    64022, next_g: 139710571142080, next_i:       37
      37 - hash:     1531, next_g: 139710571142080, next_i:       38
      38 - hash:    20505, next_g: 139710571142080, next_i:       39
      39 - hash:    22258, next_g: 139710571142080, next_i:       40
      40 - hash:    57872, next_g: 139710571142080, next_i:       41
      41 - hash:     1347, next_g: 139710571142080, next_i:       42
      42 - hash:    49642, next_g: 139710571142080, next_i:       43
      43 - hash:    46085, next_g: 139710571142080, next_i:       44
      44 - hash:    39071, next_g: 139710571142080, next_i:       45
      45 - hash:    64127, next_g: 139710571142080, next_i:       46
      46 - hash:    15677, next_g: 139710571142080, next_i:       47
      47 - hash:     9844, next_g: 139710571142080, next_i:       48
      48 - hash:    36561, next_g: 139710571142080, next_i:       49
      49 - hash:       90, next_g: 139710571142080, next_i:       50
      50 - hash:    48195, next_g: 139710571142080, next_i:       51
      51 - hash:    42631, next_g: 139710571142080, next_i:       52
      52 - hash:    12482, next_g: 139710571142080, next_i:       53
      53 - hash:    15890, next_g: 139710571142080, next_i:       54
      54 - hash:    35313, next_g: 139710571142080, next_i:       55
      55 - hash:    56375, next_g: 139710571142080, next_i:       56
      56 - hash:    19254, next_g: 139710571142080, next_i:       57
      57 - hash:    22637, next_g: 139710571145088, next_i:       81
REPORT - (TAIL: 58, CYCLE: -1)

Init x: b'\x00\x00\x00\x00\x00\x00\x00\x00\x00\x00\x00\x00\x00\x00\x11\xd8'
       0 - hash:    35187, next_g: 139710571141952, next_i:        1
       1 - hash:    65280, next_g: 139710571141952, next_i:        2
       2 - hash:    44297, next_g: 139710571141952, next_i:        3
       3 - hash:    31322, next_g: 139710571141952, next_i:        4
       4 - hash:    11905, next_g: 139710571141952, next_i:        5
       5 - hash:     7169, next_g: 139710571141952, next_i:        6
       6 - hash:    56304, next_g: 139710571141952, next_i:        7
       7 - hash:      576, next_g: 139710571141952, next_i:        8
       8 - hash:    22015, next_g: 139710571141952, next_i:        9
       9 - hash:     6453, next_g: 139710571141952, next_i:       10
      10 - hash:    41003, next_g: 139710571141952, next_i:       11
      11 - hash:    16604, next_g: 139710571141952, next_i:       12
      12 - hash:    12244, next_g: 139710571141952, next_i:       13
      13 - hash:    59542, next_g: 139710571141952, next_i:       14
      14 - hash:     3501, next_g: 139710571141952, next_i:       15
      15 - hash:      849, next_g: 139710571141952, next_i:       16
      16 - hash:    33156, next_g: 139710571141952, next_i:       17
      17 - hash:    29190, next_g: 139710571141952, next_i:       18
      18 - hash:     1011, next_g: 139710571141952, next_i:       19
      19 - hash:    63931, next_g: 139710571141952, next_i:       20
      20 - hash:     9368, next_g: 139710571141952, next_i:       21
      21 - hash:    15137, next_g: 139710571141952, next_i:       22
      22 - hash:    51887, next_g: 139710571141952, next_i:       23
      23 - hash:     7944, next_g: 139710571141952, next_i:       24
      24 - hash:    63526, next_g: 139710571141952, next_i:       25
      25 - hash:    28721, next_g: 139710571141952, next_i:       26
      26 - hash:    45306, next_g: 139710571141952, next_i:       27
      27 - hash:    38948, next_g: 139710571141952, next_i:       28
      28 - hash:    35240, next_g: 139710571141952, next_i:       29
      29 - hash:    30360, next_g: 139710571141952, next_i:       30
      30 - hash:    45963, next_g: 139710571141952, next_i:       31
      31 - hash:    24490, next_g: 139710571141952, next_i:       32
      32 - hash:    62551, next_g: 139710571141952, next_i:       33
      33 - hash:    64216, next_g: 139710571141952, next_i:       34
      34 - hash:    61484, next_g: 139710571141952, next_i:       35
      35 - hash:      589, next_g: 139710571141952, next_i:       36
      36 - hash:    50580, next_g: 139710571141952, next_i:       37
      37 - hash:    58654, next_g: 139710571141952, next_i:       38
      38 - hash:    52692, next_g: 139710571141952, next_i:       39
      39 - hash:    53933, next_g: 139710571141952, next_i:       40
      40 - hash:    45777, next_g: 139710571141952, next_i:       41
      41 - hash:    32528, next_g: 139710571141952, next_i:       42
      42 - hash:    48673, next_g: 139710571141952, next_i:       43
      43 - hash:    35209, next_g: 139710571141952, next_i:       44
      44 - hash:    50282, next_g: 139710571141952, next_i:       45
      45 - hash:    63604, next_g: 139710571141952, next_i:       46
      46 - hash:    40899, next_g: 139710571141952, next_i:       47
      47 - hash:    59904, next_g: 139710571141952, next_i:       48
      48 - hash:    59067, next_g: 139710571141952, next_i:       49
      49 - hash:    52900, next_g: 139710571141952, next_i:       50
      50 - hash:    64373, next_g: 139710571141952, next_i:       51
      51 - hash:      595, next_g: 139710571141952, next_i:       52
      52 - hash:    49331, next_g: 139710571141952, next_i:       53
      53 - hash:    62402, next_g: 139710571141952, next_i:       54
      54 - hash:    19709, next_g: 139710571141952, next_i:       55
      55 - hash:    26708, next_g: 139710571141952, next_i:       56
      56 - hash:    52134, next_g: 139710571141952, next_i:       57
      57 - hash:    36833, next_g: 139710571141952, next_i:       58
      58 - hash:    56595, next_g: 139710571141952, next_i:       59
      59 - hash:    20450, next_g: 139710571141952, next_i:       60
      60 - hash:    61201, next_g: 139710571141952, next_i:       61
      61 - hash:    58475, next_g: 139710571141952, next_i:       62
      62 - hash:    12337, next_g: 139710571141952, next_i:       63
      63 - hash:    21523, next_g: 139710571141952, next_i:       64
      64 - hash:    22392, next_g: 139710571141952, next_i:       65
      65 - hash:    23597, next_g: 139710571141952, next_i:       66
      66 - hash:    63166, next_g: 139710571141952, next_i:       67
      67 - hash:    13108, next_g: 139710571141952, next_i:       68
      68 - hash:    38527, next_g: 139710571141952, next_i:       69
      69 - hash:    40825, next_g: 139710571141952, next_i:       70
      70 - hash:    60587, next_g: 139710571141952, next_i:       71
      71 - hash:    53876, next_g: 139710571141952, next_i:       72
      72 - hash:    26757, next_g: 139710571141952, next_i:       73
      73 - hash:    34412, next_g: 139710571141952, next_i:       74
      74 - hash:    27293, next_g: 139710571141952, next_i:       75
      75 - hash:    60712, next_g: 139710571141952, next_i:       76
      76 - hash:    36522, next_g: 139710571141952, next_i:       77
      77 - hash:    14118, next_g: 139710571141952, next_i:       78
      78 - hash:    51139, next_g: 139710571141952, next_i:       79
      79 - hash:    63823, next_g: 139710571141952, next_i:       80
      80 - hash:    49353, next_g: 139710571141952, next_i:       81
      81 - hash:    15940, next_g: 139710571141952, next_i:       82
      82 - hash:     9904, next_g: 139710571141952, next_i:       83
      83 - hash:    61699, next_g: 139710571141952, next_i:       84
      84 - hash:    41760, next_g: 139710571141952, next_i:       85
      85 - hash:    51223, next_g: 139710571141952, next_i:       86
      86 - hash:    14334, next_g: 139710571141952, next_i:       87
      87 - hash:     4047, next_g: 139710571141952, next_i:       88
      88 - hash:    51722, next_g: 139710571141952, next_i:       89
      89 - hash:    55936, next_g: 139710571141952, next_i:       90
      90 - hash:    10350, next_g: 139710571141952, next_i:       91
      91 - hash:    41466, next_g: 139710571141952, next_i:       92
      92 - hash:    38113, next_g: 139710571141952, next_i:       93
      93 - hash:    26039, next_g: 139710571141952, next_i:       94
      94 - hash:    29057, next_g: 139710571141952, next_i:       95
      95 - hash:    36081, next_g: 139710571141952, next_i:       96
      96 - hash:    55171, next_g: 139710571141952, next_i:       97
      97 - hash:    52162, next_g: 139710571141952, next_i:       98
      98 - hash:    63762, next_g: 139710571141952, next_i:       99
      99 - hash:     2949, next_g: 139710571141952, next_i:      100
     100 - hash:    32460, next_g: 139710571141952, next_i:      101
     101 - hash:    33237, next_g: 139710571141952, next_i:      102
     102 - hash:    58487, next_g: 139710571141952, next_i:      103
     103 - hash:    28311, next_g: 139710571141952, next_i:      104
     104 - hash:    46885, next_g: 139710571141952, next_i:      105
     105 - hash:    49654, next_g: 139710571141952, next_i:      106
     106 - hash:    34216, next_g: 139710571141952, next_i:      107
     107 - hash:    51202, next_g: 139710571141952, next_i:      108
     108 - hash:      629, next_g: 139710571141952, next_i:      109
     109 - hash:    61906, next_g: 139710571141952, next_i:      110
     110 - hash:    11819, next_g: 139710571141952, next_i:      111
     111 - hash:    30842, next_g: 139710571141952, next_i:      112
     112 - hash:    17932, next_g: 139710571141952, next_i:      113
     113 - hash:    49436, next_g: 139710571141952, next_i:      114
     114 - hash:     5632, next_g: 139710571141952, next_i:      115
     115 - hash:    32013, next_g: 139710571141952, next_i:      116
     116 - hash:    61689, next_g: 139710571141952, next_i:      117
     117 - hash:    10476, next_g: 139710571141952, next_i:      118
     118 - hash:    12347, next_g: 139710571141952, next_i:      119
     119 - hash:    21804, next_g: 139710571141952, next_i:      120
     120 - hash:    20665, next_g: 139710571141952, next_i:      121
     121 - hash:    24988, next_g: 139710571141952, next_i:      122
     122 - hash:     1573, next_g: 139710571141952, next_i:      123
     123 - hash:    24627, next_g: 139710571141952, next_i:      124
     124 - hash:    44661, next_g: 139710571141952, next_i:      125
     125 - hash:    27103, next_g: 139710571141952, next_i:      126
     126 - hash:    47830, next_g: 139710571141952, next_i:      127
     127 - hash:    27280, next_g: 139710571141952, next_i:      128
     128 - hash:    24321, next_g: 139710571141952, next_i:      129
     129 - hash:    21085, next_g: 139710571141952, next_i:      130
     130 - hash:    63450, next_g: 139710571141952, next_i:      131
     131 - hash:    33646, next_g: 139710571141952, next_i:      132
     132 - hash:    18216, next_g: 139710571141952, next_i:      133
     133 - hash:    30779, next_g: 139710571141952, next_i:      134
     134 - hash:    48797, next_g: 139710571141952, next_i:      135
     135 - hash:     2450, next_g: 139710571141952, next_i:      136
     136 - hash:      426, next_g: 139710571141952, next_i:      137
     137 - hash:     9307, next_g: 139710571141952, next_i:      138
     138 - hash:    23192, next_g: 139710571141952, next_i:      139
     139 - hash:    18704, next_g: 139710571141952, next_i:      140
     140 - hash:    42142, next_g: 139710571141952, next_i:      141
     141 - hash:     1412, next_g: 139710571141952, next_i:      142
     142 - hash:    49778, next_g: 139710571141952, next_i:      143
     143 - hash:     4856, next_g: 139710571141952, next_i:      144
     144 - hash:    56398, next_g: 139710571144704, next_i:        0
REPORT - (TAIL: 145, CYCLE: -1)

Init x: b'\x00\x00\x00\x00\x00\x00\x00\x00\x00\x00\x00\x00\x00\x00\x11!'
       0 - hash:    20324, next_g: 139710571142208, next_i:        1
       1 - hash:    31700, next_g: 139710571142208, next_i:        2
       2 - hash:    38482, next_g: 139710571142208, next_i:        3
       3 - hash:    43923, next_g: 139710571142208, next_i:        4
       4 - hash:    42494, next_g: 139710571142208, next_i:        5
       5 - hash:    55964, next_g: 139710571142208, next_i:        6
       6 - hash:    16075, next_g: 139710571142208, next_i:        7
       7 - hash:    15908, next_g: 139710571142208, next_i:        8
       8 - hash:    58061, next_g: 139710571142208, next_i:        9
       9 - hash:    13192, next_g: 139710571142208, next_i:       10
      10 - hash:    54606, next_g: 139710571142208, next_i:       11
      11 - hash:    48974, next_g: 139710571142208, next_i:       12
      12 - hash:    32996, next_g: 139710571142208, next_i:       13
      13 - hash:      189, next_g: 139710571142208, next_i:       14
      14 - hash:    47842, next_g: 139710571142208, next_i:       15
      15 - hash:    62273, next_g: 139710571142208, next_i:       16
      16 - hash:    32876, next_g: 139710571142208, next_i:       17
      17 - hash:    19208, next_g: 139710571142208, next_i:       18
      18 - hash:    52291, next_g: 139710571142208, next_i:       19
      19 - hash:    49346, next_g: 139710571142208, next_i:       20
      20 - hash:    61282, next_g: 139710571142208, next_i:       21
      21 - hash:     5477, next_g: 139710571142208, next_i:       22
      22 - hash:    29175, next_g: 139710571142208, next_i:       23
      23 - hash:    58887, next_g: 139710571142208, next_i:       24
      24 - hash:    41643, next_g: 139710571142208, next_i:       25
      25 - hash:    52645, next_g: 139710571142208, next_i:       26
      26 - hash:    26604, next_g: 139710571142208, next_i:       27
      27 - hash:    37574, next_g: 139710571142208, next_i:       28
      28 - hash:    53222, next_g: 139710571142208, next_i:       29
      29 - hash:    26815, next_g: 139710571142208, next_i:       30
      30 - hash:     2498, next_g: 139710571142208, next_i:       31
      31 - hash:    23024, next_g: 139710571142208, next_i:       32
      32 - hash:    22446, next_g: 139710571142208, next_i:       33
      33 - hash:    37225, next_g: 139710571142208, next_i:       34
      34 - hash:    44846, next_g: 139710571142208, next_i:       35
      35 - hash:    15289, next_g: 139710571142208, next_i:       36
      36 - hash:    20617, next_g: 139710571142208, next_i:       37
      37 - hash:    41235, next_g: 139710571142208, next_i:       38
      38 - hash:     5747, next_g: 139710571142208, next_i:       39
      39 - hash:    40772, next_g: 139710571142208, next_i:       40
      40 - hash:    25582, next_g: 139710571142208, next_i:       41
      41 - hash:    38514, next_g: 139710571142208, next_i:       42
      42 - hash:    24970, next_g: 139710571142208, next_i:       43
      43 - hash:    24841, next_g: 139710571142208, next_i:       44
      44 - hash:    57463, next_g: 139710571142208, next_i:       45
      45 - hash:    62704, next_g: 139710571142208, next_i:       46
      46 - hash:    39718, next_g: 139710571142208, next_i:       47
      47 - hash:    48545, next_g: 139710571142208, next_i:       48
      48 - hash:    36785, next_g: 139710571142208, next_i:       49
      49 - hash:    58268, next_g: 139710571142208, next_i:       50
      50 - hash:    11522, next_g: 139710571142208, next_i:       51
      51 - hash:    58399, next_g: 139710571142208, next_i:       52
      52 - hash:    64846, next_g: 139710571142208, next_i:       53
      53 - hash:     3245, next_g: 139710571142208, next_i:       54
      54 - hash:    24011, next_g: 139710571142208, next_i:       55
      55 - hash:    13258, next_g: 139710571142208, next_i:       56
      56 - hash:    22185, next_g: 139710571142208, next_i:       57
      57 - hash:    62511, next_g: 139710571142208, next_i:       58
      58 - hash:    40740, next_g: 139710571142208, next_i:       59
      59 - hash:    57745, next_g: 139710571142208, next_i:       60
      60 - hash:    38511, next_g: 139710571142208, next_i:       61
      61 - hash:    48584, next_g: 139710571142208, next_i:       62
      62 - hash:    11733, next_g: 139710571142208, next_i:       63
      63 - hash:    54199, next_g: 139710571142208, next_i:       64
      64 - hash:    34434, next_g: 139710571142208, next_i:       65
      65 - hash:    31557, next_g: 139710571142208, next_i:       66
      66 - hash:    17449, next_g: 139710571142208, next_i:       67
      67 - hash:    19567, next_g: 139710571142208, next_i:       68
      68 - hash:    29577, next_g: 139710571142208, next_i:       69
      69 - hash:     7127, next_g: 139710571142208, next_i:       70
      70 - hash:    64030, next_g: 139710571142208, next_i:       71
      71 - hash:     4408, next_g: 139710571142208, next_i:       72
      72 - hash:    49842, next_g: 139710571142208, next_i:       73
      73 - hash:    35783, next_g: 139710571142208, next_i:       74
      74 - hash:    16247, next_g: 139710571142208, next_i:       75
      75 - hash:    28341, next_g: 139710571142208, next_i:       76
      76 - hash:    11758, next_g: 139710571142208, next_i:       77
      77 - hash:    46150, next_g: 139710571142208, next_i:       78
      78 - hash:    36609, next_g: 139710571142208, next_i:       79
      79 - hash:    51374, next_g: 139710571142208, next_i:       80
      80 - hash:    55718, next_g: 139710571144704, next_i:       55
REPORT - (TAIL: 81, CYCLE: -1)

Init x: b'\x00\x00\x00\x00\x00\x00\x00\x00\x00\x00\x00\x00\x00\x00\x00\x00'
       0 - hash:     6309, next_g: 139710578456320, next_i:        1
       1 - hash:    48526, next_g: 139710578456320, next_i:        2
       2 - hash:    59513, next_g: 139710578456320, next_i:        3
       3 - hash:    49261, next_g: 139710578456320, next_i:        4
       4 - hash:     6621, next_g: 139710578456320, next_i:        5
       5 - hash:    52713, next_g: 139710578456320, next_i:        6
       6 - hash:    41650, next_g: 139710578456320, next_i:        7
       7 - hash:    48872, next_g: 139710578456320, next_i:        8
       8 - hash:    31103, next_g: 139710578456320, next_i:        9
       9 - hash:    11452, next_g: 139710578456320, next_i:       10
      10 - hash:    26408, next_g: 139710578456320, next_i:       11
      11 - hash:    30299, next_g: 139710578456320, next_i:       12
      12 - hash:    60772, next_g: 139710578456320, next_i:       13
      13 - hash:    15556, next_g: 139710578456320, next_i:       14
      14 - hash:     4858, next_g: 139710578456320, next_i:       15
      15 - hash:    11253, next_g: 139710578456320, next_i:       16
      16 - hash:    22458, next_g: 139710578456320, next_i:       17
      17 - hash:    53727, next_g: 139710578456320, next_i:       18
      18 - hash:    50739, next_g: 139710578456320, next_i:       19
      19 - hash:    59685, next_g: 139710578456320, next_i:       20
      20 - hash:    33063, next_g: 139710578456320, next_i:       21
      21 - hash:    25304, next_g: 139710578456320, next_i:       22
      22 - hash:    13249, next_g: 139710578456320, next_i:       23
      23 - hash:    44036, next_g: 139710578456320, next_i:       24
      24 - hash:     5069, next_g: 139710578456320, next_i:       25
      25 - hash:    47036, next_g: 139710578456320, next_i:       26
      26 - hash:    35648, next_g: 139710578456320, next_i:       27
      27 - hash:    15077, next_g: 139710578456320, next_i:       28
      28 - hash:    48418, next_g: 139710578456320, next_i:       29
      29 - hash:     8484, next_g: 139710578456320, next_i:       30
      30 - hash:    47431, next_g: 139710578456320, next_i:       31
      31 - hash:    20335, next_g: 139710578456320, next_i:       32
      32 - hash:    31257, next_g: 139710578456320, next_i:       33
      33 - hash:    15455, next_g: 139710578456320, next_i:       34
      34 - hash:    39554, next_g: 139710578456320, next_i:       35
      35 - hash:    34537, next_g: 139710578456320, next_i:       36
      36 - hash:    53457, next_g: 139710578456320, next_i:       37
      37 - hash:    64269, next_g: 139710578456320, next_i:       38
      38 - hash:      150, next_g: 139710578456320, next_i:       39
      39 - hash:    28999, next_g: 139710578456320, next_i:       40
      40 - hash:    31550, next_g: 139710578456320, next_i:       41
      41 - hash:    18932, next_g: 139710578456320, next_i:       42
      42 - hash:    64801, next_g: 139710578456320, next_i:       43
      43 - hash:    28042, next_g: 139710578456320, next_i:       44
      44 - hash:    15263, next_g: 139710578456320, next_i:       45
      45 - hash:    61933, next_g: 139710578456320, next_i:       46
      46 - hash:    31190, next_g: 139710578456320, next_i:       47
      47 - hash:    30797, next_g: 139710578456320, next_i:       48
      48 - hash:    31884, next_g: 139710578456320, next_i:       49
      49 - hash:     7440, next_g: 139710578456320, next_i:       50
      50 - hash:    40986, next_g: 139710578456320, next_i:       51
      51 - hash:    57507, next_g: 139710578456320, next_i:       52
      52 - hash:    37677, next_g: 139710578456320, next_i:       53
      53 - hash:     2896, next_g: 139710578456320, next_i:       54
      54 - hash:     9263, next_g: 139710578456320, next_i:       55
      55 - hash:    29302, next_g: 139710578456320, next_i:       56
      56 - hash:    36841, next_g: 139710578456320, next_i:       57
      57 - hash:     2046, next_g: 139710578456320, next_i:       58
      58 - hash:     1631, next_g: 139710578456320, next_i:       59
      59 - hash:    39080, next_g: 139710578456320, next_i:       60
      60 - hash:    21167, next_g: 139710578456320, next_i:       61
      61 - hash:    43067, next_g: 139710578456320, next_i:       62
      62 - hash:    32093, next_g: 139710578456320, next_i:       63
      63 - hash:    61957, next_g: 139710578456320, next_i:       64
      64 - hash:    32486, next_g: 139710578456320, next_i:       65
      65 - hash:    57125, next_g: 139710578456320, next_i:       66
      66 - hash:     3371, next_g: 139710578456320, next_i:       67
      67 - hash:    11998, next_g: 139710578456320, next_i:       68
      68 - hash:    40251, next_g: 139710578456320, next_i:       69
      69 - hash:    35477, next_g: 139710578456320, next_i:       70
      70 - hash:    47956, next_g: 139710578456320, next_i:       71
      71 - hash:    32350, next_g: 139710578456320, next_i:       72
      72 - hash:    14322, next_g: 139710578456320, next_i:       73
      73 - hash:    11916, next_g: 139710578456320, next_i:       74
      74 - hash:    56421, next_g: 139710578456320, next_i:       75
      75 - hash:    31016, next_g: 139710578456320, next_i:       76
      76 - hash:    12734, next_g: 139710578456320, next_i:       77
      77 - hash:    12360, next_g: 139710578456320, next_i:       78
      78 - hash:     5712, next_g: 139710578456320, next_i:       79
      79 - hash:    39545, next_g: 139710578456320, next_i:       80
      80 - hash:    46036, next_g: 139710578456320, next_i:       81
      81 - hash:    20451, next_g: 139710578456320, next_i:       82
      82 - hash:    44074, next_g: 139710578456320, next_i:       83
      83 - hash:     2029, next_g: 139710578456320, next_i:       84
      84 - hash:    40596, next_g: 139710578456320, next_i:       85
      85 - hash:    46953, next_g: 139710578456320, next_i:       86
      86 - hash:    30945, next_g: 139710578456320, next_i:       87
      87 - hash:    49170, next_g: 139710578456320, next_i:       88
      88 - hash:    28785, next_g: 139710578456320, next_i:       89
      89 - hash:    55406, next_g: 139710578456320, next_i:       90
      90 - hash:    48185, next_g: 139710578456320, next_i:       91
      91 - hash:    64196, next_g: 139710578456320, next_i:       92
      92 - hash:    38678, next_g: 139710578456320, next_i:       93
      93 - hash:    33693, next_g: 139710578456320, next_i:       94
      94 - hash:    29087, next_g: 139710578456320, next_i:       95
      95 - hash:    54270, next_g: 139710578456320, next_i:       96
      96 - hash:    33555, next_g: 139710578456320, next_i:       97
      97 - hash:     5370, next_g: 139710578456320, next_i:       98
      98 - hash:    24829, next_g: 139710578456320, next_i:       99
      99 - hash:    40669, next_g: 139710578456320, next_i:      100
     100 - hash:     2156, next_g: 139710578456320, next_i:      101
     101 - hash:     9594, next_g: 139710578456320, next_i:      102
     102 - hash:     6107, next_g: 139710578456320, next_i:      103
     103 - hash:    53173, next_g: 139710578456320, next_i:      104
     104 - hash:    31836, next_g: 139710578456320, next_i:      105
     105 - hash:    25816, next_g: 139710578456320, next_i:      106
     106 - hash:    58168, next_g: 139710578456320, next_i:      107
     107 - hash:    40337, next_g: 139710578456320, next_i:      108
     108 - hash:    60084, next_g: 139710578456320, next_i:      109
     109 - hash:     5744, next_g: 139710578456320, next_i:      110
     110 - hash:    37137, next_g: 139710578456320, next_i:      111
     111 - hash:    63985, next_g: 139710578456320, next_i:      112
     112 - hash:    43409, next_g: 139710578456320, next_i:      113
     113 - hash:    58416, next_g: 139710578456320, next_i:      114
     114 - hash:    26253, next_g: 139710578456320, next_i:      115
     115 - hash:     5402, next_g: 139710578456320, next_i:      116
     116 - hash:    32940, next_g: 139710578456320, next_i:      117
     117 - hash:    14379, next_g: 139710578456320, next_i:      118
     118 - hash:     3529, next_g: 139710578456320, next_i:      119
     119 - hash:    45428, next_g: 139710578456320, next_i:      120
     120 - hash:    37418, next_g: 139710578456320, next_i:      121
     121 - hash:    12779, next_g: 139710578456320, next_i:      122
     122 - hash:    48544, next_g: 139710578456320, next_i:      123
     123 - hash:    18666, next_g: 139710578456320, next_i:      124
     124 - hash:    46556, next_g: 139710578456320, next_i:      125
     125 - hash:    58742, next_g: 139710578456320, next_i:      126
     126 - hash:    19331, next_g: 139710578456320, next_i:      127
     127 - hash:    62456, next_g: 139710578456320, next_i:      128
     128 - hash:    41128, next_g: 139710578456320, next_i:      129
     129 - hash:    53905, next_g: 139710578456320, next_i:      130
     130 - hash:    64496, next_g: 139710578456320, next_i:      131
     131 - hash:    53046, next_g: 139710578456320, next_i:      132
     132 - hash:    62490, next_g: 139710578456320, next_i:      133
     133 - hash:    42021, next_g: 139710578456320, next_i:      134
     134 - hash:    32938, next_g: 139710578456320, next_i:      135
     135 - hash:    46352, next_g: 139710578456320, next_i:      136
     136 - hash:     5520, next_g: 139710578456320, next_i:      137
     137 - hash:     8090, next_g: 139710578456320, next_i:      138
     138 - hash:    46831, next_g: 139710578456320, next_i:      139
     139 - hash:    13447, next_g: 139710578456320, next_i:      140
     140 - hash:    47521, next_g: 139710578456320, next_i:      141
     141 - hash:    34416, next_g: 139710578456320, next_i:      142
     142 - hash:    54804, next_g: 139710578456320, next_i:      143
     143 - hash:    64275, next_g: 139710578456320, next_i:      144
     144 - hash:    37895, next_g: 139710578456320, next_i:      145
     145 - hash:    51814, next_g: 139710578456320, next_i:      146
     146 - hash:    10073, next_g: 139710578456320, next_i:      147
     147 - hash:    48135, next_g: 139710578456320, next_i:      148
     148 - hash:    11822, next_g: 139710578456320, next_i:      149
     149 - hash:    31624, next_g: 139710571145088, next_i:      412
REPORT - (TAIL: 150, CYCLE: -1)

Init x: b'\x00\x00\x00\x00\x00\x00\x00\x00\x00\x00\x00\x00\x00\x00\xb7\x04'
       0 - hash:    43563, next_g: 139710571141760, next_i:        1
       1 - hash:    53898, next_g: 139710571141760, next_i:        2
       2 - hash:    57993, next_g: 139710571141760, next_i:        3
       3 - hash:    23844, next_g: 139710571141760, next_i:        4
       4 - hash:     1613, next_g: 139710571141760, next_i:        5
       5 - hash:    55526, next_g: 139710571141760, next_i:        6
       6 - hash:    39931, next_g: 139710571141760, next_i:        7
       7 - hash:    26697, next_g: 139710571141760, next_i:        8
       8 - hash:    21781, next_g: 139710571141760, next_i:        9
       9 - hash:    18053, next_g: 139710571141760, next_i:       10
      10 - hash:    64817, next_g: 139710571141760, next_i:       11
      11 - hash:     9532, next_g: 139710571141760, next_i:       12
      12 - hash:     6177, next_g: 139710571141760, next_i:       13
      13 - hash:    47356, next_g: 139710571141760, next_i:       14
      14 - hash:    21952, next_g: 139710571141760, next_i:       15
      15 - hash:    58940, next_g: 139710571141760, next_i:       16
      16 - hash:    31049, next_g: 139710571141760, next_i:       17
      17 - hash:    56714, next_g: 139710571141760, next_i:       18
      18 - hash:     4811, next_g: 139710571141760, next_i:       19
      19 - hash:     9129, next_g: 139710571141760, next_i:       20
      20 - hash:    31222, next_g: 139710571141760, next_i:       21
      21 - hash:     5148, next_g: 139710571141760, next_i:       22
      22 - hash:    57958, next_g: 139710571141760, next_i:       23
      23 - hash:     6601, next_g: 139710571141760, next_i:       24
      24 - hash:    17583, next_g: 139710571145216, next_i:        7
REPORT - (TAIL: 25, CYCLE: -1)

Init x: b'\x00\x00\x00\x00\x00\x00\x00\x00\x00\x00\x00\x00\x00\x014s'
       0 - hash:    30847, next_g: 139710571141568, next_i:        1
       1 - hash:    50691, next_g: 139710571141568, next_i:        2
       2 - hash:     4818, next_g: 139710571141568, next_i:        3
       3 - hash:    21325, next_g: 139710571141568, next_i:        4
       4 - hash:     5675, next_g: 139710571141568, next_i:        5
       5 - hash:    21056, next_g: 139710571141568, next_i:        6
       6 - hash:    50133, next_g: 139710571141568, next_i:        7
       7 - hash:    43248, next_g: 139710571141568, next_i:        8
       8 - hash:    38854, next_g: 139710571141568, next_i:        9
       9 - hash:     2104, next_g: 139710571141568, next_i:       10
      10 - hash:    32944, next_g: 139710571141568, next_i:       11
      11 - hash:    15480, next_g: 139710571141568, next_i:       12
      12 - hash:    43609, next_g: 139710571141568, next_i:       13
      13 - hash:     1211, next_g: 139710571141568, next_i:       14
      14 - hash:    27876, next_g: 139710571141568, next_i:       15
      15 - hash:     3604, next_g: 139710571141568, next_i:       16
      16 - hash:     5171, next_g: 139710571141568, next_i:       17
      17 - hash:    51993, next_g: 139710571141568, next_i:       18
      18 - hash:    24576, next_g: 139710571141568, next_i:       19
      19 - hash:    52734, next_g: 139710571141568, next_i:       20
      20 - hash:    57677, next_g: 139710571141568, next_i:       21
      21 - hash:    53553, next_g: 139710571141568, next_i:       22
      22 - hash:    24399, next_g: 139710571141568, next_i:       23
      23 - hash:    39182, next_g: 139710571141568, next_i:       24
      24 - hash:    43672, next_g: 139710571141568, next_i:       25
      25 - hash:    45060, next_g: 139710571141568, next_i:       26
      26 - hash:    19105, next_g: 139710571141568, next_i:       27
      27 - hash:    61198, next_g: 139710571141568, next_i:       28
      28 - hash:     5224, next_g: 139710571141568, next_i:       29
      29 - hash:     3209, next_g: 139710571141568, next_i:       30
      30 - hash:    18874, next_g: 139710571141568, next_i:       31
      31 - hash:    64817, next_g: 139710571141760, next_i:       10
REPORT - (TAIL: 32, CYCLE: -1)

----
Total 2 components.

----
Average Tail Length: 91.33333333333333
Maximum Tail Length: 512
Minimum Tail Length: 8

----
Average Cycle Length: 241.5
Maximum Cycle Length: 417
Minimum Cycle Length: 66

